git branch -M main
Loaded dependency [python3/3.11.4]: gcc/12.3.0-binutils-2.40
Loaded dependency [python3/3.11.4]: sqlite3/3.42.0
Loaded module: python3/3.11.4

Loading python3/3.11.4
  Loading requirement: gcc/12.3.0-binutils-2.40 sqlite3/3.42.0
Loaded module: cuda/11.3
/dtu/blackhole/0e/154958/miniconda3/envs/adlcv-ex1/lib/python3.8/site-packages/torch/nn/modules/container.py:141: UserWarning: Implicit dimension choice for softmax has been deprecated. Change the call to include dim=X as an argument.
  input = module(input)

  0%|          | 0/50 [00:00<?, ?it/s]ensemble_vae.py:610: UserWarning: The use of `x.T` on tensors of dimension other than 2 to reverse their shape is deprecated and it will throw an error in a future release. Consider `x.mT` to transpose batches of matricesor `x.permute(*torch.arange(x.ndim - 1, -1, -1))` to reverse the dimensions of a tensor. (Triggered internally at  ../aten/src/ATen/native/TensorShape.cpp:2318.)
  loss += (c_dot_s.T @J.T @ J @ c_dot_s) / S

  2%|▏         | 1/50 [00:04<03:28,  4.26s/it]
  4%|▍         | 2/50 [00:08<03:18,  4.14s/it]
  6%|▌         | 3/50 [00:12<03:12,  4.09s/it]
  8%|▊         | 4/50 [00:16<03:07,  4.08s/it]
 10%|█         | 5/50 [00:20<03:03,  4.07s/it]
 12%|█▏        | 6/50 [00:24<02:59,  4.07s/it]
 14%|█▍        | 7/50 [00:28<02:55,  4.07s/it]
 16%|█▌        | 8/50 [00:32<02:50,  4.07s/it]
 18%|█▊        | 9/50 [00:36<02:45,  4.04s/it]
 20%|██        | 10/50 [00:40<02:41,  4.04s/it]
 22%|██▏       | 11/50 [00:44<02:37,  4.03s/it]
 24%|██▍       | 12/50 [00:48<02:33,  4.03s/it]
 26%|██▌       | 13/50 [00:52<02:29,  4.03s/it]
 28%|██▊       | 14/50 [00:56<02:25,  4.03s/it]
 30%|███       | 15/50 [01:00<02:21,  4.04s/it]
 32%|███▏      | 16/50 [01:04<02:17,  4.03s/it]
 34%|███▍      | 17/50 [01:08<02:13,  4.04s/it]
 36%|███▌      | 18/50 [01:12<02:09,  4.04s/it]
 38%|███▊      | 19/50 [01:16<02:05,  4.04s/it]
 40%|████      | 20/50 [01:21<02:01,  4.04s/it]
 42%|████▏     | 21/50 [01:25<01:57,  4.04s/it]
 44%|████▍     | 22/50 [01:29<01:53,  4.05s/it]
 46%|████▌     | 23/50 [01:33<01:49,  4.05s/it]
 48%|████▊     | 24/50 [01:37<01:45,  4.05s/it]
 50%|█████     | 25/50 [01:41<01:41,  4.05s/it]
 52%|█████▏    | 26/50 [01:45<01:37,  4.08s/it]
 54%|█████▍    | 27/50 [01:49<01:33,  4.06s/it]
 56%|█████▌    | 28/50 [01:53<01:28,  4.04s/it]
 58%|█████▊    | 29/50 [01:57<01:24,  4.02s/it]
 60%|██████    | 30/50 [02:01<01:20,  4.02s/it]
 62%|██████▏   | 31/50 [02:05<01:16,  4.04s/it]
 64%|██████▍   | 32/50 [02:09<01:12,  4.05s/it]
 66%|██████▌   | 33/50 [02:13<01:08,  4.06s/it]
 68%|██████▊   | 34/50 [02:17<01:04,  4.06s/it]
 70%|███████   | 35/50 [02:21<01:00,  4.07s/it]
 72%|███████▏  | 36/50 [02:25<00:56,  4.07s/it]
 74%|███████▍  | 37/50 [02:29<00:52,  4.07s/it]
 76%|███████▌  | 38/50 [02:34<00:48,  4.07s/it]
 78%|███████▊  | 39/50 [02:38<00:44,  4.06s/it]
 80%|████████  | 40/50 [02:42<00:40,  4.05s/it]
 82%|████████▏ | 41/50 [02:46<00:36,  4.05s/it]
 84%|████████▍ | 42/50 [02:50<00:32,  4.05s/it]
 86%|████████▌ | 43/50 [02:54<00:28,  4.05s/it]
 88%|████████▊ | 44/50 [02:58<00:24,  4.05s/it]
 90%|█████████ | 45/50 [03:02<00:20,  4.05s/it]
 92%|█████████▏| 46/50 [03:06<00:16,  4.05s/it]
 94%|█████████▍| 47/50 [03:10<00:12,  4.05s/it]
 96%|█████████▌| 48/50 [03:14<00:08,  4.05s/it]
 98%|█████████▊| 49/50 [03:18<00:04,  4.05s/it]
100%|██████████| 50/50 [03:22<00:00,  4.05s/it]
100%|██████████| 50/50 [03:22<00:00,  4.05s/it]

  0%|          | 0/50 [00:00<?, ?it/s]
  2%|▏         | 1/50 [00:04<03:24,  4.18s/it]
  4%|▍         | 2/50 [00:08<03:17,  4.11s/it]
  6%|▌         | 3/50 [00:12<03:11,  4.08s/it]
  8%|▊         | 4/50 [00:16<03:07,  4.07s/it]
 10%|█         | 5/50 [00:20<03:02,  4.06s/it]
 12%|█▏        | 6/50 [00:24<02:58,  4.06s/it]
 14%|█▍        | 7/50 [00:28<02:54,  4.05s/it]
 16%|█▌        | 8/50 [00:32<02:50,  4.06s/it]
 18%|█▊        | 9/50 [00:36<02:46,  4.06s/it]
 20%|██        | 10/50 [00:40<02:42,  4.05s/it]
 22%|██▏       | 11/50 [00:44<02:37,  4.05s/it]
 24%|██▍       | 12/50 [00:48<02:33,  4.05s/it]
 26%|██▌       | 13/50 [00:52<02:29,  4.05s/it]
 28%|██▊       | 14/50 [00:56<02:26,  4.06s/it]
 30%|███       | 15/50 [01:00<02:22,  4.06s/it]
 32%|███▏      | 16/50 [01:05<02:18,  4.06s/it]
 34%|███▍      | 17/50 [01:09<02:13,  4.06s/it]
 36%|███▌      | 18/50 [01:13<02:09,  4.06s/it]
 38%|███▊      | 19/50 [01:17<02:05,  4.06s/it]
 40%|████      | 20/50 [01:21<02:00,  4.03s/it]
 42%|████▏     | 21/50 [01:25<01:56,  4.01s/it]
 44%|████▍     | 22/50 [01:29<01:52,  4.01s/it]
 46%|████▌     | 23/50 [01:33<01:48,  4.00s/it]
 48%|████▊     | 24/50 [01:37<01:44,  4.01s/it]
 50%|█████     | 25/50 [01:41<01:40,  4.01s/it]
 52%|█████▏    | 26/50 [01:45<01:37,  4.05s/it]
 54%|█████▍    | 27/50 [01:49<01:32,  4.04s/it]
 56%|█████▌    | 28/50 [01:53<01:28,  4.04s/it]
 58%|█████▊    | 29/50 [01:57<01:24,  4.04s/it]
 60%|██████    | 30/50 [02:01<01:20,  4.04s/it]
 62%|██████▏   | 31/50 [02:05<01:16,  4.03s/it]
 64%|██████▍   | 32/50 [02:09<01:12,  4.03s/it]
 66%|██████▌   | 33/50 [02:13<01:08,  4.03s/it]
 68%|██████▊   | 34/50 [02:17<01:04,  4.03s/it]
 70%|███████   | 35/50 [02:21<01:00,  4.03s/it]
 72%|███████▏  | 36/50 [02:25<00:56,  4.04s/it]
 74%|███████▍  | 37/50 [02:29<00:52,  4.04s/it]
 76%|███████▌  | 38/50 [02:33<00:48,  4.04s/it]
 78%|███████▊  | 39/50 [02:37<00:44,  4.04s/it]
 80%|████████  | 40/50 [02:41<00:40,  4.04s/it]
 82%|████████▏ | 41/50 [02:45<00:36,  4.04s/it]
 84%|████████▍ | 42/50 [02:49<00:32,  4.04s/it]
 86%|████████▌ | 43/50 [02:53<00:28,  4.05s/it]
 88%|████████▊ | 44/50 [02:57<00:24,  4.05s/it]
 90%|█████████ | 45/50 [03:02<00:20,  4.06s/it]
 92%|█████████▏| 46/50 [03:06<00:16,  4.07s/it]
 94%|█████████▍| 47/50 [03:10<00:12,  4.07s/it]
 96%|█████████▌| 48/50 [03:14<00:08,  4.07s/it]
 98%|█████████▊| 49/50 [03:18<00:04,  4.07s/it]
100%|██████████| 50/50 [03:22<00:00,  4.06s/it]
100%|██████████| 50/50 [03:22<00:00,  4.05s/it]

  0%|          | 0/50 [00:00<?, ?it/s]
  2%|▏         | 1/50 [00:04<03:25,  4.20s/it]
  4%|▍         | 2/50 [00:08<03:17,  4.12s/it]
  6%|▌         | 3/50 [00:12<03:12,  4.09s/it]
  8%|▊         | 4/50 [00:16<03:07,  4.08s/it]
 10%|█         | 5/50 [00:20<03:03,  4.07s/it]
 12%|█▏        | 6/50 [00:24<02:58,  4.05s/it]
 14%|█▍        | 7/50 [00:28<02:53,  4.05s/it]
 16%|█▌        | 8/50 [00:32<02:49,  4.05s/it]
 18%|█▊        | 9/50 [00:36<02:46,  4.05s/it]
 20%|██        | 10/50 [00:40<02:42,  4.05s/it]
 22%|██▏       | 11/50 [00:44<02:38,  4.06s/it]
 24%|██▍       | 12/50 [00:48<02:34,  4.06s/it]
 26%|██▌       | 13/50 [00:52<02:30,  4.06s/it]
 28%|██▊       | 14/50 [00:56<02:25,  4.05s/it]
 30%|███       | 15/50 [01:00<02:21,  4.05s/it]
 32%|███▏      | 16/50 [01:04<02:17,  4.05s/it]
 34%|███▍      | 17/50 [01:09<02:13,  4.05s/it]
 36%|███▌      | 18/50 [01:13<02:09,  4.05s/it]
 38%|███▊      | 19/50 [01:17<02:05,  4.05s/it]
 40%|████      | 20/50 [01:21<02:01,  4.05s/it]
 42%|████▏     | 21/50 [01:25<01:57,  4.05s/it]
 44%|████▍     | 22/50 [01:29<01:53,  4.05s/it]
 46%|████▌     | 23/50 [01:33<01:49,  4.06s/it]
 48%|████▊     | 24/50 [01:37<01:45,  4.06s/it]
 50%|█████     | 25/50 [01:41<01:41,  4.07s/it]
 52%|█████▏    | 26/50 [01:45<01:38,  4.11s/it]
 54%|█████▍    | 27/50 [01:49<01:34,  4.09s/it]
 56%|█████▌    | 28/50 [01:53<01:29,  4.07s/it]
 58%|█████▊    | 29/50 [01:57<01:25,  4.06s/it]
 60%|██████    | 30/50 [02:01<01:20,  4.05s/it]
 62%|██████▏   | 31/50 [02:05<01:16,  4.04s/it]
 64%|██████▍   | 32/50 [02:09<01:12,  4.03s/it]
 66%|██████▌   | 33/50 [02:13<01:08,  4.03s/it]
 68%|██████▊   | 34/50 [02:17<01:04,  4.03s/it]
 70%|███████   | 35/50 [02:21<01:00,  4.03s/it]
 72%|███████▏  | 36/50 [02:25<00:56,  4.03s/it]
 74%|███████▍  | 37/50 [02:30<00:52,  4.04s/it]
 76%|███████▌  | 38/50 [02:34<00:48,  4.04s/it]
 78%|███████▊  | 39/50 [02:38<00:44,  4.05s/it]
 80%|████████  | 40/50 [02:42<00:40,  4.05s/it]
 82%|████████▏ | 41/50 [02:46<00:36,  4.06s/it]
 84%|████████▍ | 42/50 [02:50<00:32,  4.05s/it]
 86%|████████▌ | 43/50 [02:54<00:28,  4.05s/it]
 88%|████████▊ | 44/50 [02:58<00:24,  4.05s/it]
 90%|█████████ | 45/50 [03:02<00:20,  4.06s/it]
 92%|█████████▏| 46/50 [03:06<00:16,  4.05s/it]
 94%|█████████▍| 47/50 [03:10<00:12,  4.05s/it]
 96%|█████████▌| 48/50 [03:14<00:08,  4.05s/it]
 98%|█████████▊| 49/50 [03:18<00:04,  4.05s/it]
100%|██████████| 50/50 [03:22<00:00,  4.05s/it]
100%|██████████| 50/50 [03:22<00:00,  4.06s/it]

  0%|          | 0/50 [00:00<?, ?it/s]
  2%|▏         | 1/50 [00:04<03:24,  4.17s/it]
  4%|▍         | 2/50 [00:08<03:16,  4.10s/it]
  6%|▌         | 3/50 [00:12<03:11,  4.08s/it]
  8%|▊         | 4/50 [00:16<03:07,  4.07s/it]
 10%|█         | 5/50 [00:20<03:03,  4.07s/it]
 12%|█▏        | 6/50 [00:24<02:58,  4.06s/it]
 14%|█▍        | 7/50 [00:28<02:54,  4.06s/it]
 16%|█▌        | 8/50 [00:32<02:50,  4.07s/it]
 18%|█▊        | 9/50 [00:36<02:46,  4.07s/it]
 20%|██        | 10/50 [00:40<02:42,  4.06s/it]
 22%|██▏       | 11/50 [00:44<02:38,  4.06s/it]
 24%|██▍       | 12/50 [00:48<02:34,  4.06s/it]
 26%|██▌       | 13/50 [00:52<02:30,  4.06s/it]
 28%|██▊       | 14/50 [00:56<02:26,  4.06s/it]
 30%|███       | 15/50 [01:01<02:22,  4.06s/it]
 32%|███▏      | 16/50 [01:05<02:17,  4.06s/it]
 34%|███▍      | 17/50 [01:09<02:13,  4.06s/it]
 36%|███▌      | 18/50 [01:13<02:09,  4.06s/it]
 38%|███▊      | 19/50 [01:17<02:05,  4.06s/it]
 40%|████      | 20/50 [01:21<02:01,  4.06s/it]
 42%|████▏     | 21/50 [01:25<01:57,  4.06s/it]
 44%|████▍     | 22/50 [01:29<01:53,  4.06s/it]
 46%|████▌     | 23/50 [01:33<01:49,  4.05s/it]
 48%|████▊     | 24/50 [01:37<01:45,  4.05s/it]
 50%|█████     | 25/50 [01:41<01:41,  4.05s/it]
 52%|█████▏    | 26/50 [01:45<01:38,  4.09s/it]
 54%|█████▍    | 27/50 [01:49<01:33,  4.08s/it]
 56%|█████▌    | 28/50 [01:53<01:29,  4.07s/it]
 58%|█████▊    | 29/50 [01:57<01:25,  4.06s/it]
 60%|██████    | 30/50 [02:01<01:21,  4.05s/it]
 62%|██████▏   | 31/50 [02:05<01:16,  4.05s/it]
 64%|██████▍   | 32/50 [02:10<01:13,  4.07s/it]
 66%|██████▌   | 33/50 [02:14<01:09,  4.08s/it]
 68%|██████▊   | 34/50 [02:18<01:05,  4.08s/it]
 70%|███████   | 35/50 [02:22<01:01,  4.09s/it]
 72%|███████▏  | 36/50 [02:26<00:57,  4.08s/it]
 74%|███████▍  | 37/50 [02:30<00:52,  4.07s/it]
 76%|███████▌  | 38/50 [02:34<00:48,  4.05s/it]
 78%|███████▊  | 39/50 [02:38<00:44,  4.04s/it]
 80%|████████  | 40/50 [02:42<00:40,  4.03s/it]
 82%|████████▏ | 41/50 [02:46<00:36,  4.03s/it]
 84%|████████▍ | 42/50 [02:50<00:32,  4.03s/it]
 86%|████████▌ | 43/50 [02:54<00:28,  4.03s/it]
 88%|████████▊ | 44/50 [02:58<00:24,  4.03s/it]
 90%|█████████ | 45/50 [03:02<00:20,  4.04s/it]
 92%|█████████▏| 46/50 [03:06<00:16,  4.05s/it]
 94%|█████████▍| 47/50 [03:10<00:12,  4.05s/it]
 96%|█████████▌| 48/50 [03:14<00:08,  4.05s/it]
 98%|█████████▊| 49/50 [03:18<00:04,  4.05s/it]
100%|██████████| 50/50 [03:22<00:00,  4.06s/it]
100%|██████████| 50/50 [03:22<00:00,  4.06s/it]

  0%|          | 0/50 [00:00<?, ?it/s]
  2%|▏         | 1/50 [00:04<03:25,  4.20s/it]
  4%|▍         | 2/50 [00:08<03:17,  4.11s/it]
  6%|▌         | 3/50 [00:12<03:12,  4.09s/it]
  8%|▊         | 4/50 [00:16<03:07,  4.08s/it]
 10%|█         | 5/50 [00:20<03:03,  4.08s/it]
 12%|█▏        | 6/50 [00:24<02:58,  4.07s/it]
 14%|█▍        | 7/50 [00:28<02:54,  4.06s/it]
 16%|█▌        | 8/50 [00:32<02:50,  4.05s/it]
 18%|█▊        | 9/50 [00:36<02:45,  4.03s/it]
 20%|██        | 10/50 [00:40<02:40,  4.02s/it]
 22%|██▏       | 11/50 [00:44<02:36,  4.02s/it]
 24%|██▍       | 12/50 [00:48<02:32,  4.02s/it]
 26%|██▌       | 13/50 [00:52<02:28,  4.02s/it]
 28%|██▊       | 14/50 [00:56<02:24,  4.02s/it]
 30%|███       | 15/50 [01:00<02:20,  4.02s/it]
 32%|███▏      | 16/50 [01:04<02:16,  4.02s/it]
 34%|███▍      | 17/50 [01:08<02:12,  4.03s/it]
 36%|███▌      | 18/50 [01:12<02:08,  4.03s/it]
 38%|███▊      | 19/50 [01:16<02:04,  4.02s/it]
 40%|████      | 20/50 [01:20<02:00,  4.03s/it]
 42%|████▏     | 21/50 [01:24<01:56,  4.02s/it]
 44%|████▍     | 22/50 [01:28<01:52,  4.03s/it]
 46%|████▌     | 23/50 [01:32<01:48,  4.03s/it]
 48%|████▊     | 24/50 [01:36<01:44,  4.03s/it]
 50%|█████     | 25/50 [01:40<01:40,  4.04s/it]
 52%|█████▏    | 26/50 [01:45<01:37,  4.08s/it]
 54%|█████▍    | 27/50 [01:49<01:33,  4.08s/it]
 56%|█████▌    | 28/50 [01:53<01:29,  4.07s/it]
 58%|█████▊    | 29/50 [01:57<01:25,  4.06s/it]
 60%|██████    | 30/50 [02:01<01:21,  4.06s/it]
 62%|██████▏   | 31/50 [02:05<01:17,  4.06s/it]
 64%|██████▍   | 32/50 [02:09<01:13,  4.06s/it]
 66%|██████▌   | 33/50 [02:13<01:08,  4.06s/it]
 68%|██████▊   | 34/50 [02:17<01:04,  4.05s/it]
 70%|███████   | 35/50 [02:21<01:00,  4.05s/it]
 72%|███████▏  | 36/50 [02:25<00:56,  4.02s/it]
 74%|███████▍  | 37/50 [02:29<00:52,  4.01s/it]
 76%|███████▌  | 38/50 [02:33<00:48,  4.01s/it]
 78%|███████▊  | 39/50 [02:37<00:44,  4.01s/it]
 80%|████████  | 40/50 [02:41<00:40,  4.01s/it]
 82%|████████▏ | 41/50 [02:45<00:36,  4.02s/it]
 84%|████████▍ | 42/50 [02:49<00:32,  4.02s/it]
 86%|████████▌ | 43/50 [02:53<00:28,  4.02s/it]
 88%|████████▊ | 44/50 [02:57<00:24,  4.02s/it]
 90%|█████████ | 45/50 [03:01<00:20,  4.02s/it]
 92%|█████████▏| 46/50 [03:05<00:16,  4.03s/it]
 94%|█████████▍| 47/50 [03:09<00:12,  4.03s/it]
 96%|█████████▌| 48/50 [03:13<00:08,  4.04s/it]
 98%|█████████▊| 49/50 [03:17<00:04,  4.04s/it]
100%|██████████| 50/50 [03:21<00:00,  4.04s/it]
100%|██████████| 50/50 [03:21<00:00,  4.04s/it]

  0%|          | 0/50 [00:00<?, ?it/s]
  2%|▏         | 1/50 [00:04<03:26,  4.21s/it]
  4%|▍         | 2/50 [00:08<03:17,  4.11s/it]
  6%|▌         | 3/50 [00:12<03:12,  4.09s/it]
  8%|▊         | 4/50 [00:16<03:07,  4.08s/it]
 10%|█         | 5/50 [00:20<03:03,  4.07s/it]
 12%|█▏        | 6/50 [00:24<02:58,  4.06s/it]
 14%|█▍        | 7/50 [00:28<02:54,  4.06s/it]
 16%|█▌        | 8/50 [00:32<02:50,  4.06s/it]
 18%|█▊        | 9/50 [00:36<02:45,  4.04s/it]
 20%|██        | 10/50 [00:40<02:41,  4.03s/it]
 22%|██▏       | 11/50 [00:44<02:36,  4.02s/it]
 24%|██▍       | 12/50 [00:48<02:32,  4.03s/it]
 26%|██▌       | 13/50 [00:52<02:29,  4.03s/it]
 28%|██▊       | 14/50 [00:56<02:25,  4.03s/it]
 30%|███       | 15/50 [01:00<02:21,  4.03s/it]
 32%|███▏      | 16/50 [01:04<02:17,  4.03s/it]
 34%|███▍      | 17/50 [01:08<02:13,  4.03s/it]
 36%|███▌      | 18/50 [01:12<02:09,  4.05s/it]
 38%|███▊      | 19/50 [01:16<02:05,  4.06s/it]
 40%|████      | 20/50 [01:21<02:01,  4.06s/it]
 42%|████▏     | 21/50 [01:25<01:57,  4.07s/it]
 44%|████▍     | 22/50 [01:29<01:53,  4.07s/it]
 46%|████▌     | 23/50 [01:33<01:49,  4.07s/it]
 48%|████▊     | 24/50 [01:37<01:45,  4.07s/it]
 50%|█████     | 25/50 [01:41<01:41,  4.07s/it]
 52%|█████▏    | 26/50 [01:45<01:38,  4.11s/it]
 54%|█████▍    | 27/50 [01:49<01:34,  4.10s/it]
 56%|█████▌    | 28/50 [01:53<01:29,  4.09s/it]
 58%|█████▊    | 29/50 [01:57<01:25,  4.08s/it]
 60%|██████    | 30/50 [02:01<01:21,  4.08s/it]
 62%|██████▏   | 31/50 [02:05<01:17,  4.07s/it]
 64%|██████▍   | 32/50 [02:09<01:13,  4.07s/it]
 66%|██████▌   | 33/50 [02:14<01:09,  4.07s/it]
 68%|██████▊   | 34/50 [02:18<01:05,  4.07s/it]
 70%|███████   | 35/50 [02:22<01:01,  4.07s/it]
 72%|███████▏  | 36/50 [02:26<00:56,  4.06s/it]
 74%|███████▍  | 37/50 [02:30<00:52,  4.07s/it]
 76%|███████▌  | 38/50 [02:34<00:48,  4.07s/it]
 78%|███████▊  | 39/50 [02:38<00:44,  4.07s/it]
 80%|████████  | 40/50 [02:42<00:40,  4.06s/it]
 82%|████████▏ | 41/50 [02:46<00:36,  4.06s/it]
 84%|████████▍ | 42/50 [02:50<00:32,  4.05s/it]
 86%|████████▌ | 43/50 [02:54<00:28,  4.05s/it]
 88%|████████▊ | 44/50 [02:58<00:24,  4.04s/it]
 90%|█████████ | 45/50 [03:02<00:20,  4.03s/it]
 92%|█████████▏| 46/50 [03:06<00:16,  4.03s/it]
 94%|█████████▍| 47/50 [03:10<00:12,  4.03s/it]
 96%|█████████▌| 48/50 [03:14<00:08,  4.03s/it]
 98%|█████████▊| 49/50 [03:18<00:04,  4.03s/it]
100%|██████████| 50/50 [03:22<00:00,  4.03s/it]
100%|██████████| 50/50 [03:22<00:00,  4.06s/it]

  0%|          | 0/50 [00:00<?, ?it/s]
  2%|▏         | 1/50 [00:04<03:24,  4.18s/it]
  4%|▍         | 2/50 [00:08<03:17,  4.11s/it]
  6%|▌         | 3/50 [00:12<03:11,  4.08s/it]
  8%|▊         | 4/50 [00:16<03:07,  4.07s/it]
 10%|█         | 5/50 [00:20<03:02,  4.06s/it]
 12%|█▏        | 6/50 [00:24<02:58,  4.05s/it]
 14%|█▍        | 7/50 [00:28<02:53,  4.04s/it]
 16%|█▌        | 8/50 [00:32<02:49,  4.03s/it]
 18%|█▊        | 9/50 [00:36<02:45,  4.03s/it]
 20%|██        | 10/50 [00:40<02:41,  4.04s/it]
 22%|██▏       | 11/50 [00:44<02:37,  4.04s/it]
 24%|██▍       | 12/50 [00:48<02:33,  4.03s/it]
 26%|██▌       | 13/50 [00:52<02:29,  4.04s/it]
 28%|██▊       | 14/50 [00:56<02:25,  4.04s/it]
 30%|███       | 15/50 [01:00<02:21,  4.04s/it]
 32%|███▏      | 16/50 [01:04<02:17,  4.04s/it]
 34%|███▍      | 17/50 [01:08<02:13,  4.03s/it]
 36%|███▌      | 18/50 [01:12<02:09,  4.04s/it]
 38%|███▊      | 19/50 [01:16<02:05,  4.04s/it]
 40%|████      | 20/50 [01:20<02:01,  4.05s/it]
 42%|████▏     | 21/50 [01:24<01:57,  4.05s/it]
 44%|████▍     | 22/50 [01:28<01:53,  4.04s/it]
 46%|████▌     | 23/50 [01:33<01:48,  4.03s/it]
 48%|████▊     | 24/50 [01:37<01:44,  4.03s/it]
 50%|█████     | 25/50 [01:41<01:40,  4.02s/it]
 52%|█████▏    | 26/50 [01:45<01:37,  4.06s/it]
 54%|█████▍    | 27/50 [01:49<01:33,  4.06s/it]
 56%|█████▌    | 28/50 [01:53<01:29,  4.07s/it]
 58%|█████▊    | 29/50 [01:57<01:25,  4.07s/it]
 60%|██████    | 30/50 [02:01<01:21,  4.08s/it]
 62%|██████▏   | 31/50 [02:05<01:17,  4.07s/it]
 64%|██████▍   | 32/50 [02:09<01:13,  4.07s/it]
 66%|██████▌   | 33/50 [02:13<01:09,  4.07s/it]
 68%|██████▊   | 34/50 [02:17<01:05,  4.07s/it]
 70%|███████   | 35/50 [02:21<01:00,  4.06s/it]
 72%|███████▏  | 36/50 [02:25<00:56,  4.06s/it]
 74%|███████▍  | 37/50 [02:29<00:52,  4.06s/it]
 76%|███████▌  | 38/50 [02:33<00:48,  4.06s/it]
 78%|███████▊  | 39/50 [02:38<00:44,  4.07s/it]
 80%|████████  | 40/50 [02:42<00:40,  4.07s/it]
 82%|████████▏ | 41/50 [02:46<00:36,  4.07s/it]
 84%|████████▍ | 42/50 [02:50<00:32,  4.07s/it]
 86%|████████▌ | 43/50 [02:54<00:28,  4.07s/it]
 88%|████████▊ | 44/50 [02:58<00:24,  4.07s/it]
 90%|█████████ | 45/50 [03:02<00:20,  4.07s/it]
 92%|█████████▏| 46/50 [03:06<00:16,  4.07s/it]
 94%|█████████▍| 47/50 [03:10<00:12,  4.06s/it]
 96%|█████████▌| 48/50 [03:14<00:08,  4.06s/it]
 98%|█████████▊| 49/50 [03:18<00:04,  4.06s/it]
100%|██████████| 50/50 [03:22<00:00,  4.06s/it]
100%|██████████| 50/50 [03:22<00:00,  4.06s/it]

  0%|          | 0/50 [00:00<?, ?it/s]
  2%|▏         | 1/50 [00:04<03:24,  4.17s/it]
  4%|▍         | 2/50 [00:08<03:17,  4.11s/it]
  6%|▌         | 3/50 [00:12<03:12,  4.09s/it]
  8%|▊         | 4/50 [00:16<03:07,  4.08s/it]
 10%|█         | 5/50 [00:20<03:03,  4.07s/it]
 12%|█▏        | 6/50 [00:24<02:58,  4.07s/it]
 14%|█▍        | 7/50 [00:28<02:54,  4.06s/it]
 16%|█▌        | 8/50 [00:32<02:50,  4.06s/it]
 18%|█▊        | 9/50 [00:36<02:46,  4.06s/it]
 20%|██        | 10/50 [00:40<02:42,  4.06s/it]
 22%|██▏       | 11/50 [00:44<02:38,  4.06s/it]
 24%|██▍       | 12/50 [00:48<02:34,  4.06s/it]
 26%|██▌       | 13/50 [00:52<02:30,  4.06s/it]
 28%|██▊       | 14/50 [00:56<02:26,  4.06s/it]
 30%|███       | 15/50 [01:00<02:21,  4.05s/it]
 32%|███▏      | 16/50 [01:04<02:17,  4.04s/it]
 34%|███▍      | 17/50 [01:09<02:13,  4.05s/it]
 36%|███▌      | 18/50 [01:13<02:09,  4.05s/it]
 38%|███▊      | 19/50 [01:17<02:05,  4.05s/it]
 40%|████      | 20/50 [01:21<02:01,  4.05s/it]
 42%|████▏     | 21/50 [01:25<01:57,  4.05s/it]
 44%|████▍     | 22/50 [01:29<01:53,  4.05s/it]
 46%|████▌     | 23/50 [01:33<01:49,  4.05s/it]
 48%|████▊     | 24/50 [01:37<01:45,  4.05s/it]
 50%|█████     | 25/50 [01:41<01:41,  4.05s/it]
 52%|█████▏    | 26/50 [01:45<01:38,  4.08s/it]
 54%|█████▍    | 27/50 [01:49<01:33,  4.07s/it]
 56%|█████▌    | 28/50 [01:53<01:29,  4.05s/it]
 58%|█████▊    | 29/50 [01:57<01:24,  4.04s/it]
 60%|██████    | 30/50 [02:01<01:20,  4.03s/it]
 62%|██████▏   | 31/50 [02:05<01:16,  4.03s/it]
 64%|██████▍   | 32/50 [02:09<01:12,  4.04s/it]
 66%|██████▌   | 33/50 [02:13<01:08,  4.03s/it]
 68%|██████▊   | 34/50 [02:17<01:04,  4.03s/it]
 70%|███████   | 35/50 [02:21<01:00,  4.03s/it]
 72%|███████▏  | 36/50 [02:25<00:56,  4.04s/it]
 74%|███████▍  | 37/50 [02:29<00:52,  4.04s/it]
 76%|███████▌  | 38/50 [02:33<00:48,  4.04s/it]
 78%|███████▊  | 39/50 [02:37<00:44,  4.04s/it]
 80%|████████  | 40/50 [02:42<00:40,  4.04s/it]
 82%|████████▏ | 41/50 [02:46<00:36,  4.04s/it]
 84%|████████▍ | 42/50 [02:50<00:32,  4.04s/it]
 86%|████████▌ | 43/50 [02:54<00:28,  4.04s/it]
 88%|████████▊ | 44/50 [02:58<00:24,  4.04s/it]
 90%|█████████ | 45/50 [03:02<00:20,  4.04s/it]
 92%|█████████▏| 46/50 [03:06<00:16,  4.05s/it]
 94%|█████████▍| 47/50 [03:10<00:12,  4.04s/it]
 96%|█████████▌| 48/50 [03:14<00:08,  4.02s/it]
 98%|█████████▊| 49/50 [03:18<00:04,  4.01s/it]
100%|██████████| 50/50 [03:22<00:00,  4.01s/it]
100%|██████████| 50/50 [03:22<00:00,  4.05s/it]

  0%|          | 0/50 [00:00<?, ?it/s]
  2%|▏         | 1/50 [00:04<03:22,  4.13s/it]
  4%|▍         | 2/50 [00:08<03:15,  4.06s/it]
  6%|▌         | 3/50 [00:12<03:10,  4.05s/it]
  8%|▊         | 4/50 [00:16<03:06,  4.05s/it]
 10%|█         | 5/50 [00:20<03:02,  4.06s/it]
 12%|█▏        | 6/50 [00:24<02:58,  4.06s/it]
 14%|█▍        | 7/50 [00:28<02:54,  4.06s/it]
 16%|█▌        | 8/50 [00:32<02:50,  4.06s/it]
 18%|█▊        | 9/50 [00:36<02:47,  4.07s/it]
 20%|██        | 10/50 [00:40<02:43,  4.08s/it]
 22%|██▏       | 11/50 [00:44<02:39,  4.08s/it]
 24%|██▍       | 12/50 [00:48<02:34,  4.07s/it]
 26%|██▌       | 13/50 [00:52<02:30,  4.07s/it]
 28%|██▊       | 14/50 [00:56<02:26,  4.07s/it]
 30%|███       | 15/50 [01:01<02:22,  4.06s/it]
 32%|███▏      | 16/50 [01:05<02:18,  4.06s/it]
 34%|███▍      | 17/50 [01:09<02:13,  4.06s/it]
 36%|███▌      | 18/50 [01:13<02:09,  4.06s/it]
 38%|███▊      | 19/50 [01:17<02:05,  4.06s/it]
 40%|████      | 20/50 [01:21<02:01,  4.05s/it]
 42%|████▏     | 21/50 [01:25<01:57,  4.05s/it]
 44%|████▍     | 22/50 [01:29<01:53,  4.05s/it]
 46%|████▌     | 23/50 [01:33<01:49,  4.05s/it]
 48%|████▊     | 24/50 [01:37<01:45,  4.05s/it]
 50%|█████     | 25/50 [01:41<01:41,  4.05s/it]
 52%|█████▏    | 26/50 [01:45<01:37,  4.08s/it]
 54%|█████▍    | 27/50 [01:49<01:33,  4.08s/it]
 56%|█████▌    | 28/50 [01:53<01:29,  4.07s/it]
 58%|█████▊    | 29/50 [01:57<01:25,  4.07s/it]
 60%|██████    | 30/50 [02:01<01:21,  4.07s/it]
 62%|██████▏   | 31/50 [02:05<01:17,  4.06s/it]
 64%|██████▍   | 32/50 [02:10<01:13,  4.06s/it]
 66%|██████▌   | 33/50 [02:14<01:09,  4.06s/it]
 68%|██████▊   | 34/50 [02:18<01:05,  4.06s/it]
 70%|███████   | 35/50 [02:22<01:00,  4.07s/it]
 72%|███████▏  | 36/50 [02:26<00:56,  4.07s/it]
 74%|███████▍  | 37/50 [02:30<00:52,  4.07s/it]
 76%|███████▌  | 38/50 [02:34<00:48,  4.07s/it]
 78%|███████▊  | 39/50 [02:38<00:44,  4.07s/it]
 80%|████████  | 40/50 [02:42<00:40,  4.07s/it]
 82%|████████▏ | 41/50 [02:46<00:36,  4.07s/it]
 84%|████████▍ | 42/50 [02:50<00:32,  4.07s/it]
 86%|████████▌ | 43/50 [02:54<00:28,  4.07s/it]
 88%|████████▊ | 44/50 [02:58<00:24,  4.07s/it]
 90%|█████████ | 45/50 [03:02<00:20,  4.07s/it]
 92%|█████████▏| 46/50 [03:07<00:16,  4.07s/it]
 94%|█████████▍| 47/50 [03:11<00:12,  4.07s/it]
 96%|█████████▌| 48/50 [03:15<00:08,  4.06s/it]
 98%|█████████▊| 49/50 [03:19<00:04,  4.07s/it]
100%|██████████| 50/50 [03:23<00:00,  4.07s/it]
100%|██████████| 50/50 [03:23<00:00,  4.07s/it]

  0%|          | 0/50 [00:00<?, ?it/s]
  2%|▏         | 1/50 [00:04<03:23,  4.16s/it]
  4%|▍         | 2/50 [00:08<03:16,  4.10s/it]
  6%|▌         | 3/50 [00:12<03:12,  4.09s/it]
  8%|▊         | 4/50 [00:16<03:07,  4.08s/it]
 10%|█         | 5/50 [00:20<03:02,  4.06s/it]
 12%|█▏        | 6/50 [00:24<02:58,  4.05s/it]
 14%|█▍        | 7/50 [00:28<02:54,  4.05s/it]
 16%|█▌        | 8/50 [00:32<02:49,  4.05s/it]
 18%|█▊        | 9/50 [00:36<02:45,  4.05s/it]
 20%|██        | 10/50 [00:40<02:41,  4.05s/it]
 22%|██▏       | 11/50 [00:44<02:37,  4.05s/it]
 24%|██▍       | 12/50 [00:48<02:33,  4.05s/it]
 26%|██▌       | 13/50 [00:52<02:29,  4.05s/it]
 28%|██▊       | 14/50 [00:56<02:25,  4.05s/it]
 30%|███       | 15/50 [01:00<02:21,  4.05s/it]
 32%|███▏      | 16/50 [01:04<02:18,  4.06s/it]
 34%|███▍      | 17/50 [01:08<02:13,  4.05s/it]
 36%|███▌      | 18/50 [01:13<02:09,  4.05s/it]
 38%|███▊      | 19/50 [01:17<02:05,  4.05s/it]
 40%|████      | 20/50 [01:21<02:01,  4.05s/it]
 42%|████▏     | 21/50 [01:25<01:57,  4.05s/it]
 44%|████▍     | 22/50 [01:29<01:53,  4.05s/it]
 46%|████▌     | 23/50 [01:33<01:49,  4.05s/it]
 48%|████▊     | 24/50 [01:37<01:45,  4.05s/it]
 50%|█████     | 25/50 [01:41<01:41,  4.05s/it]
 52%|█████▏    | 26/50 [01:45<01:37,  4.08s/it]
 54%|█████▍    | 27/50 [01:49<01:33,  4.07s/it]
 56%|█████▌    | 28/50 [01:53<01:29,  4.07s/it]
 58%|█████▊    | 29/50 [01:57<01:25,  4.08s/it]
 60%|██████    | 30/50 [02:01<01:21,  4.08s/it]
 62%|██████▏   | 31/50 [02:05<01:17,  4.08s/it]
 64%|██████▍   | 32/50 [02:10<01:13,  4.09s/it]
 66%|██████▌   | 33/50 [02:14<01:09,  4.08s/it]
 68%|██████▊   | 34/50 [02:18<01:05,  4.08s/it]
 70%|███████   | 35/50 [02:22<01:01,  4.08s/it]
 72%|███████▏  | 36/50 [02:26<00:57,  4.07s/it]
 74%|███████▍  | 37/50 [02:30<00:52,  4.07s/it]
 76%|███████▌  | 38/50 [02:34<00:48,  4.07s/it]
 78%|███████▊  | 39/50 [02:38<00:44,  4.08s/it]
 80%|████████  | 40/50 [02:42<00:40,  4.08s/it]
 82%|████████▏ | 41/50 [02:46<00:36,  4.07s/it]
 84%|████████▍ | 42/50 [02:50<00:32,  4.07s/it]
 86%|████████▌ | 43/50 [02:54<00:28,  4.07s/it]
 88%|████████▊ | 44/50 [02:58<00:24,  4.07s/it]
 90%|█████████ | 45/50 [03:02<00:20,  4.06s/it]
 92%|█████████▏| 46/50 [03:06<00:16,  4.06s/it]
 94%|█████████▍| 47/50 [03:11<00:12,  4.06s/it]
 96%|█████████▌| 48/50 [03:15<00:08,  4.06s/it]
 98%|█████████▊| 49/50 [03:19<00:04,  4.06s/it]
100%|██████████| 50/50 [03:23<00:00,  4.05s/it]
100%|██████████| 50/50 [03:23<00:00,  4.06s/it]

  0%|          | 0/50 [00:00<?, ?it/s]ensemble_vae.py:404: RuntimeWarning: More than 20 figures have been opened. Figures created through the pyplot interface (`matplotlib.pyplot.figure`) are retained until explicitly closed and may consume too much memory. (To control this warning, see the rcParam `figure.max_open_warning`). Consider using `matplotlib.pyplot.close()`.
  plt.figure(figsize=(6, 6))

  2%|▏         | 1/50 [00:04<03:23,  4.15s/it]
  4%|▍         | 2/50 [00:08<03:15,  4.08s/it]
  6%|▌         | 3/50 [00:12<03:10,  4.05s/it]
  8%|▊         | 4/50 [00:16<03:05,  4.02s/it]
 10%|█         | 5/50 [00:20<03:00,  4.01s/it]
 12%|█▏        | 6/50 [00:24<02:56,  4.01s/it]
 14%|█▍        | 7/50 [00:28<02:52,  4.01s/it]
 16%|█▌        | 8/50 [00:32<02:48,  4.00s/it]
 18%|█▊        | 9/50 [00:36<02:44,  4.00s/it]
 20%|██        | 10/50 [00:40<02:40,  4.00s/it]
 22%|██▏       | 11/50 [00:44<02:35,  4.00s/it]
 24%|██▍       | 12/50 [00:48<02:31,  4.00s/it]
 26%|██▌       | 13/50 [00:52<02:28,  4.00s/it]
 28%|██▊       | 14/50 [00:56<02:24,  4.00s/it]
 30%|███       | 15/50 [01:00<02:20,  4.00s/it]
 32%|███▏      | 16/50 [01:04<02:16,  4.00s/it]
 34%|███▍      | 17/50 [01:08<02:11,  4.00s/it]
 36%|███▌      | 18/50 [01:12<02:07,  4.00s/it]
 38%|███▊      | 19/50 [01:16<02:03,  3.99s/it]
 40%|████      | 20/50 [01:20<01:59,  3.99s/it]
 42%|████▏     | 21/50 [01:24<01:55,  3.99s/it]
 44%|████▍     | 22/50 [01:28<01:51,  3.99s/it]
 46%|████▌     | 23/50 [01:32<01:47,  3.99s/it]
 48%|████▊     | 24/50 [01:36<01:43,  4.00s/it]
 50%|█████     | 25/50 [01:40<01:40,  4.00s/it]
 52%|█████▏    | 26/50 [01:44<01:36,  4.04s/it]
 54%|█████▍    | 27/50 [01:48<01:32,  4.02s/it]
 56%|█████▌    | 28/50 [01:52<01:28,  4.01s/it]
 58%|█████▊    | 29/50 [01:56<01:24,  4.00s/it]
 60%|██████    | 30/50 [02:00<01:19,  4.00s/it]
 62%|██████▏   | 31/50 [02:04<01:15,  4.00s/it]
 64%|██████▍   | 32/50 [02:08<01:11,  4.00s/it]
 66%|██████▌   | 33/50 [02:12<01:07,  3.99s/it]
 68%|██████▊   | 34/50 [02:16<01:03,  4.00s/it]
 70%|███████   | 35/50 [02:20<01:00,  4.03s/it]
 72%|███████▏  | 36/50 [02:24<00:56,  4.04s/it]
 74%|███████▍  | 37/50 [02:28<00:52,  4.04s/it]
 76%|███████▌  | 38/50 [02:32<00:48,  4.04s/it]
 78%|███████▊  | 39/50 [02:36<00:44,  4.05s/it]
 80%|████████  | 40/50 [02:40<00:40,  4.04s/it]
 82%|████████▏ | 41/50 [02:44<00:36,  4.02s/it]
 84%|████████▍ | 42/50 [02:48<00:32,  4.02s/it]
 86%|████████▌ | 43/50 [02:52<00:28,  4.02s/it]
 88%|████████▊ | 44/50 [02:56<00:24,  4.01s/it]
 90%|█████████ | 45/50 [03:00<00:20,  4.02s/it]
 92%|█████████▏| 46/50 [03:04<00:16,  4.02s/it]
 94%|█████████▍| 47/50 [03:08<00:12,  4.02s/it]
 96%|█████████▌| 48/50 [03:12<00:08,  4.00s/it]
 98%|█████████▊| 49/50 [03:16<00:03,  4.00s/it]
100%|██████████| 50/50 [03:20<00:00,  3.99s/it]
100%|██████████| 50/50 [03:20<00:00,  4.01s/it]

  0%|          | 0/50 [00:00<?, ?it/s]
  2%|▏         | 1/50 [00:04<03:21,  4.11s/it]
  4%|▍         | 2/50 [00:08<03:14,  4.04s/it]
  6%|▌         | 3/50 [00:12<03:09,  4.04s/it]
  8%|▊         | 4/50 [00:16<03:05,  4.03s/it]
 10%|█         | 5/50 [00:20<03:00,  4.01s/it]
 12%|█▏        | 6/50 [00:24<02:56,  4.00s/it]
 14%|█▍        | 7/50 [00:28<02:51,  4.00s/it]
 16%|█▌        | 8/50 [00:32<02:47,  3.99s/it]
 18%|█▊        | 9/50 [00:36<02:43,  3.99s/it]
 20%|██        | 10/50 [00:40<02:39,  3.99s/it]
 22%|██▏       | 11/50 [00:44<02:35,  3.99s/it]
 24%|██▍       | 12/50 [00:48<02:31,  3.99s/it]
 26%|██▌       | 13/50 [00:52<02:27,  3.99s/it]
 28%|██▊       | 14/50 [00:55<02:23,  3.98s/it]
 30%|███       | 15/50 [00:59<02:19,  3.98s/it]
 32%|███▏      | 16/50 [01:03<02:15,  3.98s/it]
 34%|███▍      | 17/50 [01:07<02:11,  3.99s/it]
 36%|███▌      | 18/50 [01:11<02:07,  3.99s/it]
 38%|███▊      | 19/50 [01:15<02:03,  3.98s/it]
 40%|████      | 20/50 [01:19<01:59,  3.99s/it]
 42%|████▏     | 21/50 [01:23<01:55,  3.98s/it]
 44%|████▍     | 22/50 [01:27<01:51,  3.98s/it]
 46%|████▌     | 23/50 [01:31<01:47,  3.98s/it]
 48%|████▊     | 24/50 [01:35<01:43,  3.99s/it]
 50%|█████     | 25/50 [01:39<01:39,  3.99s/it]
 52%|█████▏    | 26/50 [01:43<01:36,  4.03s/it]
 54%|█████▍    | 27/50 [01:47<01:32,  4.02s/it]
 56%|█████▌    | 28/50 [01:51<01:28,  4.00s/it]
 58%|█████▊    | 29/50 [01:55<01:23,  3.99s/it]
 60%|██████    | 30/50 [01:59<01:19,  3.99s/it]
 62%|██████▏   | 31/50 [02:03<01:15,  3.99s/it]
 64%|██████▍   | 32/50 [02:07<01:11,  3.99s/it]
 66%|██████▌   | 33/50 [02:11<01:07,  3.99s/it]
 68%|██████▊   | 34/50 [02:15<01:03,  3.98s/it]
 70%|███████   | 35/50 [02:19<00:59,  3.99s/it]
 72%|███████▏  | 36/50 [02:23<00:55,  3.99s/it]
 74%|███████▍  | 37/50 [02:27<00:51,  4.00s/it]
 76%|███████▌  | 38/50 [02:31<00:48,  4.00s/it]
 78%|███████▊  | 39/50 [02:35<00:44,  4.01s/it]
 80%|████████  | 40/50 [02:39<00:40,  4.02s/it]
 82%|████████▏ | 41/50 [02:43<00:36,  4.03s/it]
 84%|████████▍ | 42/50 [02:47<00:32,  4.03s/it]
 86%|████████▌ | 43/50 [02:52<00:28,  4.04s/it]
 88%|████████▊ | 44/50 [02:56<00:24,  4.04s/it]
 90%|█████████ | 45/50 [03:00<00:20,  4.04s/it]
 92%|█████████▏| 46/50 [03:04<00:16,  4.04s/it]
 94%|█████████▍| 47/50 [03:08<00:12,  4.04s/it]
 96%|█████████▌| 48/50 [03:12<00:08,  4.04s/it]
 98%|█████████▊| 49/50 [03:16<00:04,  4.04s/it]
100%|██████████| 50/50 [03:20<00:00,  4.04s/it]
100%|██████████| 50/50 [03:20<00:00,  4.01s/it]

  0%|          | 0/50 [00:00<?, ?it/s]
  2%|▏         | 1/50 [00:04<03:24,  4.18s/it]
  4%|▍         | 2/50 [00:08<03:17,  4.11s/it]
  6%|▌         | 3/50 [00:12<03:12,  4.09s/it]
  8%|▊         | 4/50 [00:16<03:07,  4.08s/it]
 10%|█         | 5/50 [00:20<03:03,  4.07s/it]
 12%|█▏        | 6/50 [00:24<02:58,  4.07s/it]
 14%|█▍        | 7/50 [00:28<02:54,  4.06s/it]
 16%|█▌        | 8/50 [00:32<02:50,  4.06s/it]
 18%|█▊        | 9/50 [00:36<02:46,  4.06s/it]
 20%|██        | 10/50 [00:40<02:42,  4.06s/it]
 22%|██▏       | 11/50 [00:44<02:38,  4.06s/it]
 24%|██▍       | 12/50 [00:48<02:34,  4.06s/it]
 26%|██▌       | 13/50 [00:52<02:30,  4.06s/it]
 28%|██▊       | 14/50 [00:56<02:25,  4.05s/it]
 30%|███       | 15/50 [01:00<02:21,  4.05s/it]
 32%|███▏      | 16/50 [01:05<02:17,  4.05s/it]
 34%|███▍      | 17/50 [01:09<02:13,  4.05s/it]
 36%|███▌      | 18/50 [01:13<02:09,  4.05s/it]
 38%|███▊      | 19/50 [01:17<02:05,  4.05s/it]
 40%|████      | 20/50 [01:21<02:01,  4.06s/it]
 42%|████▏     | 21/50 [01:25<01:57,  4.06s/it]
 44%|████▍     | 22/50 [01:29<01:54,  4.07s/it]
 46%|████▌     | 23/50 [01:33<01:50,  4.08s/it]
 48%|████▊     | 24/50 [01:37<01:46,  4.08s/it]
 50%|█████     | 25/50 [01:41<01:42,  4.09s/it]
 52%|█████▏    | 26/50 [01:45<01:39,  4.13s/it]
 54%|█████▍    | 27/50 [01:49<01:34,  4.11s/it]
 56%|█████▌    | 28/50 [01:54<01:30,  4.11s/it]
 58%|█████▊    | 29/50 [01:58<01:26,  4.10s/it]
 60%|██████    | 30/50 [02:02<01:21,  4.09s/it]
 62%|██████▏   | 31/50 [02:06<01:17,  4.08s/it]
 64%|██████▍   | 32/50 [02:10<01:13,  4.07s/it]
 66%|██████▌   | 33/50 [02:14<01:09,  4.07s/it]
 68%|██████▊   | 34/50 [02:18<01:05,  4.07s/it]
 70%|███████   | 35/50 [02:22<01:00,  4.07s/it]
 72%|███████▏  | 36/50 [02:26<00:56,  4.06s/it]
 74%|███████▍  | 37/50 [02:30<00:52,  4.06s/it]
 76%|███████▌  | 38/50 [02:34<00:48,  4.05s/it]
 78%|███████▊  | 39/50 [02:38<00:44,  4.04s/it]
 80%|████████  | 40/50 [02:42<00:40,  4.04s/it]
 82%|████████▏ | 41/50 [02:46<00:36,  4.04s/it]
 84%|████████▍ | 42/50 [02:50<00:32,  4.04s/it]
 86%|████████▌ | 43/50 [02:54<00:28,  4.04s/it]
 88%|████████▊ | 44/50 [02:58<00:24,  4.04s/it]
 90%|█████████ | 45/50 [03:02<00:20,  4.04s/it]
 92%|█████████▏| 46/50 [03:06<00:16,  4.04s/it]
 94%|█████████▍| 47/50 [03:10<00:12,  4.04s/it]
 96%|█████████▌| 48/50 [03:15<00:08,  4.04s/it]
 98%|█████████▊| 49/50 [03:19<00:04,  4.04s/it]
100%|██████████| 50/50 [03:23<00:00,  4.03s/it]
100%|██████████| 50/50 [03:23<00:00,  4.06s/it]

  0%|          | 0/50 [00:00<?, ?it/s]
  2%|▏         | 1/50 [00:04<03:23,  4.16s/it]
  4%|▍         | 2/50 [00:08<03:15,  4.08s/it]
  6%|▌         | 3/50 [00:12<03:10,  4.05s/it]
  8%|▊         | 4/50 [00:16<03:05,  4.04s/it]
 10%|█         | 5/50 [00:20<03:01,  4.03s/it]
 12%|█▏        | 6/50 [00:24<02:56,  4.02s/it]
 14%|█▍        | 7/50 [00:28<02:52,  4.01s/it]
 16%|█▌        | 8/50 [00:32<02:48,  4.01s/it]
 18%|█▊        | 9/50 [00:36<02:44,  4.02s/it]
 20%|██        | 10/50 [00:40<02:40,  4.01s/it]
 22%|██▏       | 11/50 [00:44<02:36,  4.01s/it]
 24%|██▍       | 12/50 [00:48<02:32,  4.01s/it]
 26%|██▌       | 13/50 [00:52<02:28,  4.01s/it]
 28%|██▊       | 14/50 [00:56<02:24,  4.01s/it]
 30%|███       | 15/50 [01:00<02:20,  4.01s/it]
 32%|███▏      | 16/50 [01:04<02:16,  4.01s/it]
 34%|███▍      | 17/50 [01:08<02:12,  4.01s/it]
 36%|███▌      | 18/50 [01:12<02:08,  4.01s/it]
 38%|███▊      | 19/50 [01:16<02:04,  4.01s/it]
 40%|████      | 20/50 [01:20<02:00,  4.02s/it]
 42%|████▏     | 21/50 [01:24<01:56,  4.02s/it]
 44%|████▍     | 22/50 [01:28<01:52,  4.02s/it]
 46%|████▌     | 23/50 [01:32<01:48,  4.02s/it]
 48%|████▊     | 24/50 [01:36<01:44,  4.02s/it]
 50%|█████     | 25/50 [01:40<01:40,  4.01s/it]
 52%|█████▏    | 26/50 [01:44<01:37,  4.05s/it]
 54%|█████▍    | 27/50 [01:48<01:32,  4.04s/it]
 56%|█████▌    | 28/50 [01:52<01:28,  4.02s/it]
 58%|█████▊    | 29/50 [01:56<01:24,  4.02s/it]
 60%|██████    | 30/50 [02:00<01:20,  4.01s/it]
 62%|██████▏   | 31/50 [02:04<01:15,  3.99s/it]
 64%|██████▍   | 32/50 [02:08<01:11,  3.99s/it]
 66%|██████▌   | 33/50 [02:12<01:07,  3.99s/it]
 68%|██████▊   | 34/50 [02:16<01:03,  3.99s/it]
 70%|███████   | 35/50 [02:20<00:59,  3.99s/it]
 72%|███████▏  | 36/50 [02:24<00:55,  3.99s/it]
 74%|███████▍  | 37/50 [02:28<00:51,  3.99s/it]
 76%|███████▌  | 38/50 [02:32<00:47,  3.99s/it]
 78%|███████▊  | 39/50 [02:36<00:43,  3.99s/it]
 80%|████████  | 40/50 [02:40<00:39,  4.00s/it]
 82%|████████▏ | 41/50 [02:44<00:36,  4.00s/it]
 84%|████████▍ | 42/50 [02:48<00:32,  4.01s/it]
 86%|████████▌ | 43/50 [02:52<00:28,  4.01s/it]
 88%|████████▊ | 44/50 [02:56<00:24,  4.02s/it]
 90%|█████████ | 45/50 [03:00<00:20,  4.01s/it]
 92%|█████████▏| 46/50 [03:04<00:16,  4.01s/it]
 94%|█████████▍| 47/50 [03:08<00:12,  4.02s/it]
 96%|█████████▌| 48/50 [03:12<00:08,  4.03s/it]
 98%|█████████▊| 49/50 [03:16<00:04,  4.05s/it]
100%|██████████| 50/50 [03:20<00:00,  4.04s/it]
100%|██████████| 50/50 [03:20<00:00,  4.02s/it]

  0%|          | 0/50 [00:00<?, ?it/s]
  2%|▏         | 1/50 [00:04<03:23,  4.14s/it]
  4%|▍         | 2/50 [00:08<03:15,  4.08s/it]
  6%|▌         | 3/50 [00:12<03:10,  4.06s/it]
  8%|▊         | 4/50 [00:16<03:06,  4.04s/it]
 10%|█         | 5/50 [00:20<03:01,  4.02s/it]
 12%|█▏        | 6/50 [00:24<02:56,  4.01s/it]
 14%|█▍        | 7/50 [00:28<02:52,  4.00s/it]
 16%|█▌        | 8/50 [00:32<02:48,  4.00s/it]
 18%|█▊        | 9/50 [00:36<02:44,  4.00s/it]
 20%|██        | 10/50 [00:40<02:40,  4.00s/it]
 22%|██▏       | 11/50 [00:44<02:35,  4.00s/it]
 24%|██▍       | 12/50 [00:48<02:32,  4.00s/it]
 26%|██▌       | 13/50 [00:52<02:28,  4.00s/it]
 28%|██▊       | 14/50 [00:56<02:24,  4.00s/it]
 30%|███       | 15/50 [01:00<02:20,  4.00s/it]
 32%|███▏      | 16/50 [01:04<02:15,  3.98s/it]
 34%|███▍      | 17/50 [01:08<02:11,  3.99s/it]
 36%|███▌      | 18/50 [01:12<02:07,  3.99s/it]
 38%|███▊      | 19/50 [01:16<02:03,  4.00s/it]
 40%|████      | 20/50 [01:20<01:59,  3.99s/it]
 42%|████▏     | 21/50 [01:24<01:55,  3.99s/it]
 44%|████▍     | 22/50 [01:28<01:51,  3.98s/it]
 46%|████▌     | 23/50 [01:32<01:47,  3.98s/it]
 48%|████▊     | 24/50 [01:36<01:43,  3.99s/it]
 50%|█████     | 25/50 [01:40<01:39,  4.00s/it]
 52%|█████▏    | 26/50 [01:44<01:36,  4.03s/it]
 54%|█████▍    | 27/50 [01:48<01:32,  4.03s/it]
 56%|█████▌    | 28/50 [01:52<01:28,  4.01s/it]
 58%|█████▊    | 29/50 [01:56<01:24,  4.01s/it]
 60%|██████    | 30/50 [02:00<01:20,  4.00s/it]
 62%|██████▏   | 31/50 [02:04<01:15,  4.00s/it]
 64%|██████▍   | 32/50 [02:08<01:11,  4.00s/it]
 66%|██████▌   | 33/50 [02:12<01:07,  3.99s/it]
 68%|██████▊   | 34/50 [02:16<01:03,  3.99s/it]
 70%|███████   | 35/50 [02:20<00:59,  3.99s/it]
 72%|███████▏  | 36/50 [02:24<00:55,  3.99s/it]
 74%|███████▍  | 37/50 [02:28<00:51,  4.00s/it]
 76%|███████▌  | 38/50 [02:32<00:48,  4.00s/it]
 78%|███████▊  | 39/50 [02:36<00:44,  4.00s/it]
 80%|████████  | 40/50 [02:40<00:40,  4.01s/it]
 82%|████████▏ | 41/50 [02:44<00:36,  4.01s/it]
 84%|████████▍ | 42/50 [02:48<00:32,  4.01s/it]
 86%|████████▌ | 43/50 [02:52<00:28,  4.02s/it]
 88%|████████▊ | 44/50 [02:56<00:24,  4.02s/it]
 90%|█████████ | 45/50 [03:00<00:20,  4.02s/it]
 92%|█████████▏| 46/50 [03:04<00:16,  4.01s/it]
 94%|█████████▍| 47/50 [03:08<00:12,  4.01s/it]
 96%|█████████▌| 48/50 [03:12<00:08,  4.02s/it]
 98%|█████████▊| 49/50 [03:16<00:04,  4.02s/it]
100%|██████████| 50/50 [03:20<00:00,  4.02s/it]
100%|██████████| 50/50 [03:20<00:00,  4.01s/it]

  0%|          | 0/50 [00:00<?, ?it/s]
  2%|▏         | 1/50 [00:04<03:27,  4.23s/it]
  4%|▍         | 2/50 [00:08<03:17,  4.11s/it]
  6%|▌         | 3/50 [00:12<03:11,  4.08s/it]
  8%|▊         | 4/50 [00:16<03:06,  4.06s/it]
 10%|█         | 5/50 [00:20<03:02,  4.06s/it]
 12%|█▏        | 6/50 [00:24<02:58,  4.05s/it]
 14%|█▍        | 7/50 [00:28<02:53,  4.04s/it]
 16%|█▌        | 8/50 [00:32<02:49,  4.04s/it]
 18%|█▊        | 9/50 [00:36<02:45,  4.04s/it]
 20%|██        | 10/50 [00:40<02:41,  4.04s/it]
 22%|██▏       | 11/50 [00:44<02:37,  4.04s/it]
 24%|██▍       | 12/50 [00:48<02:33,  4.03s/it]
 26%|██▌       | 13/50 [00:52<02:29,  4.04s/it]
 28%|██▊       | 14/50 [00:56<02:25,  4.04s/it]
 30%|███       | 15/50 [01:00<02:21,  4.03s/it]
 32%|███▏      | 16/50 [01:04<02:16,  4.03s/it]
 34%|███▍      | 17/50 [01:08<02:13,  4.04s/it]
 36%|███▌      | 18/50 [01:12<02:09,  4.06s/it]
 38%|███▊      | 19/50 [01:16<02:05,  4.06s/it]
 40%|████      | 20/50 [01:21<02:01,  4.06s/it]
 42%|████▏     | 21/50 [01:25<01:57,  4.05s/it]
 44%|████▍     | 22/50 [01:29<01:52,  4.03s/it]
 46%|████▌     | 23/50 [01:33<01:48,  4.02s/it]
 48%|████▊     | 24/50 [01:37<01:44,  4.02s/it]
 50%|█████     | 25/50 [01:41<01:40,  4.02s/it]
 52%|█████▏    | 26/50 [01:45<01:37,  4.06s/it]
 54%|█████▍    | 27/50 [01:49<01:33,  4.05s/it]
 56%|█████▌    | 28/50 [01:53<01:28,  4.05s/it]
 58%|█████▊    | 29/50 [01:57<01:24,  4.04s/it]
 60%|██████    | 30/50 [02:01<01:20,  4.04s/it]
 62%|██████▏   | 31/50 [02:05<01:16,  4.04s/it]
 64%|██████▍   | 32/50 [02:09<01:12,  4.04s/it]
 66%|██████▌   | 33/50 [02:13<01:08,  4.04s/it]
 68%|██████▊   | 34/50 [02:17<01:04,  4.03s/it]
 70%|███████   | 35/50 [02:21<01:00,  4.02s/it]
 72%|███████▏  | 36/50 [02:25<00:56,  4.02s/it]
 74%|███████▍  | 37/50 [02:29<00:52,  4.02s/it]
 76%|███████▌  | 38/50 [02:33<00:48,  4.01s/it]
 78%|███████▊  | 39/50 [02:37<00:44,  4.00s/it]
 80%|████████  | 40/50 [02:41<00:39,  4.00s/it]
 82%|████████▏ | 41/50 [02:45<00:36,  4.00s/it]
 84%|████████▍ | 42/50 [02:49<00:31,  4.00s/it]
 86%|████████▌ | 43/50 [02:53<00:27,  4.00s/it]
 88%|████████▊ | 44/50 [02:57<00:23,  3.99s/it]
 90%|█████████ | 45/50 [03:01<00:19,  4.00s/it]
 92%|█████████▏| 46/50 [03:05<00:16,  4.00s/it]
 94%|█████████▍| 47/50 [03:09<00:12,  4.01s/it]
 96%|█████████▌| 48/50 [03:13<00:08,  4.01s/it]
 98%|█████████▊| 49/50 [03:17<00:04,  4.02s/it]
100%|██████████| 50/50 [03:21<00:00,  4.03s/it]
100%|██████████| 50/50 [03:21<00:00,  4.03s/it]

  0%|          | 0/50 [00:00<?, ?it/s]
  2%|▏         | 1/50 [00:04<03:24,  4.16s/it]
  4%|▍         | 2/50 [00:08<03:16,  4.09s/it]
  6%|▌         | 3/50 [00:12<03:10,  4.05s/it]
  8%|▊         | 4/50 [00:16<03:05,  4.04s/it]
 10%|█         | 5/50 [00:20<03:01,  4.03s/it]
 12%|█▏        | 6/50 [00:24<02:56,  4.02s/it]
 14%|█▍        | 7/50 [00:28<02:52,  4.01s/it]
 16%|█▌        | 8/50 [00:32<02:48,  4.01s/it]
 18%|█▊        | 9/50 [00:36<02:44,  4.01s/it]
 20%|██        | 10/50 [00:40<02:40,  4.00s/it]
 22%|██▏       | 11/50 [00:44<02:36,  4.00s/it]
 24%|██▍       | 12/50 [00:48<02:31,  4.00s/it]
 26%|██▌       | 13/50 [00:52<02:28,  4.00s/it]
 28%|██▊       | 14/50 [00:56<02:23,  4.00s/it]
 30%|███       | 15/50 [01:00<02:19,  4.00s/it]
 32%|███▏      | 16/50 [01:04<02:16,  4.00s/it]
 34%|███▍      | 17/50 [01:08<02:12,  4.01s/it]
 36%|███▌      | 18/50 [01:12<02:08,  4.01s/it]
 38%|███▊      | 19/50 [01:16<02:04,  4.01s/it]
 40%|████      | 20/50 [01:20<02:00,  4.01s/it]
 42%|████▏     | 21/50 [01:24<01:56,  4.02s/it]
 44%|████▍     | 22/50 [01:28<01:52,  4.02s/it]
 46%|████▌     | 23/50 [01:32<01:48,  4.02s/it]
 48%|████▊     | 24/50 [01:36<01:44,  4.02s/it]
 50%|█████     | 25/50 [01:40<01:40,  4.02s/it]
 52%|█████▏    | 26/50 [01:44<01:37,  4.06s/it]
 54%|█████▍    | 27/50 [01:48<01:32,  4.04s/it]
 56%|█████▌    | 28/50 [01:52<01:28,  4.03s/it]
 58%|█████▊    | 29/50 [01:56<01:24,  4.03s/it]
 60%|██████    | 30/50 [02:00<01:20,  4.03s/it]
 62%|██████▏   | 31/50 [02:04<01:16,  4.03s/it]
 64%|██████▍   | 32/50 [02:08<01:12,  4.02s/it]
 66%|██████▌   | 33/50 [02:12<01:08,  4.03s/it]
 68%|██████▊   | 34/50 [02:16<01:04,  4.03s/it]
 70%|███████   | 35/50 [02:20<01:00,  4.02s/it]
 72%|███████▏  | 36/50 [02:24<00:56,  4.02s/it]
 74%|███████▍  | 37/50 [02:28<00:52,  4.02s/it]
 76%|███████▌  | 38/50 [02:32<00:48,  4.02s/it]
 78%|███████▊  | 39/50 [02:36<00:44,  4.02s/it]
 80%|████████  | 40/50 [02:40<00:40,  4.02s/it]
 82%|████████▏ | 41/50 [02:44<00:36,  4.02s/it]
 84%|████████▍ | 42/50 [02:48<00:32,  4.02s/it]
 86%|████████▌ | 43/50 [02:52<00:28,  4.02s/it]
 88%|████████▊ | 44/50 [02:56<00:24,  4.02s/it]
 90%|█████████ | 45/50 [03:00<00:20,  4.03s/it]
 92%|█████████▏| 46/50 [03:05<00:16,  4.04s/it]
 94%|█████████▍| 47/50 [03:09<00:12,  4.05s/it]
 96%|█████████▌| 48/50 [03:13<00:08,  4.05s/it]
 98%|█████████▊| 49/50 [03:17<00:04,  4.05s/it]
100%|██████████| 50/50 [03:21<00:00,  4.05s/it]
100%|██████████| 50/50 [03:21<00:00,  4.03s/it]

  0%|          | 0/50 [00:00<?, ?it/s]
  2%|▏         | 1/50 [00:04<03:25,  4.18s/it]
  4%|▍         | 2/50 [00:08<03:16,  4.10s/it]
  6%|▌         | 3/50 [00:12<03:11,  4.08s/it]
  8%|▊         | 4/50 [00:16<03:07,  4.07s/it]
 10%|█         | 5/50 [00:20<03:02,  4.05s/it]
 12%|█▏        | 6/50 [00:24<02:58,  4.05s/it]
 14%|█▍        | 7/50 [00:28<02:53,  4.04s/it]
 16%|█▌        | 8/50 [00:32<02:49,  4.03s/it]
 18%|█▊        | 9/50 [00:36<02:45,  4.03s/it]
 20%|██        | 10/50 [00:40<02:41,  4.03s/it]
 22%|██▏       | 11/50 [00:44<02:36,  4.03s/it]
 24%|██▍       | 12/50 [00:48<02:32,  4.03s/it]
 26%|██▌       | 13/50 [00:52<02:29,  4.03s/it]
 28%|██▊       | 14/50 [00:56<02:24,  4.03s/it]
 30%|███       | 15/50 [01:00<02:20,  4.03s/it]
 32%|███▏      | 16/50 [01:04<02:16,  4.03s/it]
 34%|███▍      | 17/50 [01:08<02:13,  4.03s/it]
 36%|███▌      | 18/50 [01:12<02:09,  4.03s/it]
 38%|███▊      | 19/50 [01:16<02:05,  4.03s/it]
 40%|████      | 20/50 [01:20<02:00,  4.03s/it]
 42%|████▏     | 21/50 [01:24<01:56,  4.03s/it]
 44%|████▍     | 22/50 [01:28<01:52,  4.03s/it]
 46%|████▌     | 23/50 [01:32<01:48,  4.03s/it]
 48%|████▊     | 24/50 [01:36<01:44,  4.03s/it]
 50%|█████     | 25/50 [01:40<01:40,  4.02s/it]
 52%|█████▏    | 26/50 [01:45<01:37,  4.06s/it]
 54%|█████▍    | 27/50 [01:49<01:33,  4.05s/it]
 56%|█████▌    | 28/50 [01:53<01:28,  4.04s/it]
 58%|█████▊    | 29/50 [01:57<01:24,  4.04s/it]
 60%|██████    | 30/50 [02:01<01:20,  4.03s/it]
 62%|██████▏   | 31/50 [02:05<01:16,  4.03s/it]
 64%|██████▍   | 32/50 [02:09<01:12,  4.03s/it]
 66%|██████▌   | 33/50 [02:13<01:08,  4.03s/it]
 68%|██████▊   | 34/50 [02:17<01:04,  4.03s/it]
 70%|███████   | 35/50 [02:21<01:00,  4.03s/it]
 72%|███████▏  | 36/50 [02:25<00:56,  4.03s/it]
 74%|███████▍  | 37/50 [02:29<00:52,  4.04s/it]
 76%|███████▌  | 38/50 [02:33<00:48,  4.04s/it]
 78%|███████▊  | 39/50 [02:37<00:44,  4.04s/it]
 80%|████████  | 40/50 [02:41<00:40,  4.04s/it]
 82%|████████▏ | 41/50 [02:45<00:36,  4.04s/it]
 84%|████████▍ | 42/50 [02:49<00:32,  4.04s/it]
 86%|████████▌ | 43/50 [02:53<00:28,  4.03s/it]
 88%|████████▊ | 44/50 [02:57<00:24,  4.03s/it]
 90%|█████████ | 45/50 [03:01<00:20,  4.02s/it]
 92%|█████████▏| 46/50 [03:05<00:16,  4.02s/it]
 94%|█████████▍| 47/50 [03:09<00:12,  4.02s/it]
 96%|█████████▌| 48/50 [03:13<00:08,  4.02s/it]
 98%|█████████▊| 49/50 [03:17<00:04,  4.02s/it]
100%|██████████| 50/50 [03:21<00:00,  4.01s/it]
100%|██████████| 50/50 [03:21<00:00,  4.03s/it]

  0%|          | 0/50 [00:00<?, ?it/s]
  2%|▏         | 1/50 [00:04<03:24,  4.16s/it]
  4%|▍         | 2/50 [00:08<03:14,  4.04s/it]
  6%|▌         | 3/50 [00:12<03:08,  4.02s/it]
  8%|▊         | 4/50 [00:16<03:04,  4.01s/it]
 10%|█         | 5/50 [00:20<03:00,  4.01s/it]
 12%|█▏        | 6/50 [00:24<02:56,  4.01s/it]
 14%|█▍        | 7/50 [00:28<02:52,  4.00s/it]
 16%|█▌        | 8/50 [00:32<02:49,  4.03s/it]
 18%|█▊        | 9/50 [00:36<02:45,  4.04s/it]
 20%|██        | 10/50 [00:40<02:41,  4.04s/it]
 22%|██▏       | 11/50 [00:44<02:37,  4.04s/it]
 24%|██▍       | 12/50 [00:48<02:33,  4.04s/it]
 26%|██▌       | 13/50 [00:52<02:29,  4.04s/it]
 28%|██▊       | 14/50 [00:56<02:25,  4.04s/it]
 30%|███       | 15/50 [01:00<02:21,  4.04s/it]
 32%|███▏      | 16/50 [01:04<02:17,  4.03s/it]
 34%|███▍      | 17/50 [01:08<02:12,  4.03s/it]
 36%|███▌      | 18/50 [01:12<02:08,  4.02s/it]
 38%|███▊      | 19/50 [01:16<02:04,  4.02s/it]
 40%|████      | 20/50 [01:20<02:00,  4.02s/it]
 42%|████▏     | 21/50 [01:24<01:56,  4.01s/it]
 44%|████▍     | 22/50 [01:28<01:52,  4.01s/it]
 46%|████▌     | 23/50 [01:32<01:48,  4.02s/it]
 48%|████▊     | 24/50 [01:36<01:44,  4.02s/it]
 50%|█████     | 25/50 [01:40<01:40,  4.03s/it]
 52%|█████▏    | 26/50 [01:44<01:37,  4.07s/it]
 54%|█████▍    | 27/50 [01:48<01:33,  4.06s/it]
 56%|█████▌    | 28/50 [01:52<01:29,  4.05s/it]
 58%|█████▊    | 29/50 [01:56<01:24,  4.04s/it]
 60%|██████    | 30/50 [02:00<01:20,  4.02s/it]
 62%|██████▏   | 31/50 [02:04<01:16,  4.01s/it]
 64%|██████▍   | 32/50 [02:08<01:12,  4.01s/it]
 66%|██████▌   | 33/50 [02:12<01:08,  4.01s/it]
 68%|██████▊   | 34/50 [02:16<01:04,  4.02s/it]
 70%|███████   | 35/50 [02:20<01:00,  4.02s/it]
 72%|███████▏  | 36/50 [02:24<00:56,  4.02s/it]
 74%|███████▍  | 37/50 [02:29<00:52,  4.02s/it]
 76%|███████▌  | 38/50 [02:33<00:48,  4.02s/it]
 78%|███████▊  | 39/50 [02:37<00:44,  4.01s/it]
 80%|████████  | 40/50 [02:41<00:40,  4.01s/it]
 82%|████████▏ | 41/50 [02:45<00:36,  4.02s/it]
 84%|████████▍ | 42/50 [02:49<00:32,  4.01s/it]
 86%|████████▌ | 43/50 [02:53<00:28,  4.02s/it]
 88%|████████▊ | 44/50 [02:57<00:24,  4.02s/it]
 90%|█████████ | 45/50 [03:01<00:20,  4.03s/it]
 92%|█████████▏| 46/50 [03:05<00:16,  4.02s/it]
 94%|█████████▍| 47/50 [03:09<00:12,  4.02s/it]
 96%|█████████▌| 48/50 [03:13<00:08,  4.02s/it]
 98%|█████████▊| 49/50 [03:17<00:04,  4.02s/it]
100%|██████████| 50/50 [03:21<00:00,  4.03s/it]
100%|██████████| 50/50 [03:21<00:00,  4.03s/it]

  0%|          | 0/50 [00:00<?, ?it/s]
  2%|▏         | 1/50 [00:04<03:23,  4.16s/it]
  4%|▍         | 2/50 [00:08<03:15,  4.08s/it]
  6%|▌         | 3/50 [00:12<03:10,  4.05s/it]
  8%|▊         | 4/50 [00:16<03:05,  4.04s/it]
 10%|█         | 5/50 [00:20<03:01,  4.04s/it]
 12%|█▏        | 6/50 [00:24<02:57,  4.03s/it]
 14%|█▍        | 7/50 [00:28<02:53,  4.04s/it]
 16%|█▌        | 8/50 [00:32<02:49,  4.03s/it]
 18%|█▊        | 9/50 [00:36<02:45,  4.03s/it]
 20%|██        | 10/50 [00:40<02:41,  4.03s/it]
 22%|██▏       | 11/50 [00:44<02:37,  4.03s/it]
 24%|██▍       | 12/50 [00:48<02:33,  4.03s/it]
 26%|██▌       | 13/50 [00:52<02:29,  4.03s/it]
 28%|██▊       | 14/50 [00:56<02:25,  4.03s/it]
 30%|███       | 15/50 [01:00<02:21,  4.03s/it]
 32%|███▏      | 16/50 [01:04<02:16,  4.02s/it]
 34%|███▍      | 17/50 [01:08<02:12,  4.02s/it]
 36%|███▌      | 18/50 [01:12<02:08,  4.02s/it]
 38%|███▊      | 19/50 [01:16<02:04,  4.02s/it]
 40%|████      | 20/50 [01:20<02:00,  4.02s/it]
 42%|████▏     | 21/50 [01:24<01:56,  4.02s/it]
 44%|████▍     | 22/50 [01:28<01:52,  4.02s/it]
 46%|████▌     | 23/50 [01:32<01:48,  4.02s/it]
 48%|████▊     | 24/50 [01:36<01:44,  4.02s/it]
 50%|█████     | 25/50 [01:40<01:40,  4.02s/it]
 52%|█████▏    | 26/50 [01:44<01:37,  4.06s/it]
 54%|█████▍    | 27/50 [01:48<01:33,  4.06s/it]
 56%|█████▌    | 28/50 [01:52<01:29,  4.06s/it]
 58%|█████▊    | 29/50 [01:57<01:25,  4.05s/it]
 60%|██████    | 30/50 [02:01<01:21,  4.05s/it]
 62%|██████▏   | 31/50 [02:05<01:16,  4.04s/it]
 64%|██████▍   | 32/50 [02:09<01:12,  4.04s/it]
 66%|██████▌   | 33/50 [02:13<01:08,  4.03s/it]
 68%|██████▊   | 34/50 [02:17<01:04,  4.03s/it]
 70%|███████   | 35/50 [02:21<01:00,  4.02s/it]
 72%|███████▏  | 36/50 [02:25<00:56,  4.02s/it]
 74%|███████▍  | 37/50 [02:29<00:52,  4.02s/it]
 76%|███████▌  | 38/50 [02:33<00:48,  4.03s/it]
 78%|███████▊  | 39/50 [02:37<00:44,  4.03s/it]
 80%|████████  | 40/50 [02:41<00:40,  4.03s/it]
 82%|████████▏ | 41/50 [02:45<00:36,  4.02s/it]
 84%|████████▍ | 42/50 [02:49<00:32,  4.02s/it]
 86%|████████▌ | 43/50 [02:53<00:28,  4.01s/it]
 88%|████████▊ | 44/50 [02:57<00:24,  4.01s/it]
 90%|█████████ | 45/50 [03:01<00:20,  4.01s/it]
 92%|█████████▏| 46/50 [03:05<00:16,  4.01s/it]
 94%|█████████▍| 47/50 [03:09<00:12,  4.02s/it]
 96%|█████████▌| 48/50 [03:13<00:08,  4.02s/it]
 98%|█████████▊| 49/50 [03:17<00:04,  4.01s/it]
100%|██████████| 50/50 [03:21<00:00,  4.02s/it]
100%|██████████| 50/50 [03:21<00:00,  4.03s/it]

  0%|          | 0/50 [00:00<?, ?it/s]
  2%|▏         | 1/50 [00:04<03:25,  4.20s/it]
  4%|▍         | 2/50 [00:08<03:15,  4.08s/it]
  6%|▌         | 3/50 [00:12<03:09,  4.04s/it]
  8%|▊         | 4/50 [00:16<03:05,  4.03s/it]
 10%|█         | 5/50 [00:20<03:01,  4.03s/it]
 12%|█▏        | 6/50 [00:24<02:56,  4.02s/it]
 14%|█▍        | 7/50 [00:28<02:52,  4.02s/it]
 16%|█▌        | 8/50 [00:32<02:48,  4.02s/it]
 18%|█▊        | 9/50 [00:36<02:44,  4.02s/it]
 20%|██        | 10/50 [00:40<02:40,  4.00s/it]
 22%|██▏       | 11/50 [00:44<02:35,  3.99s/it]
 24%|██▍       | 12/50 [00:48<02:31,  3.99s/it]
 26%|██▌       | 13/50 [00:52<02:27,  3.99s/it]
 28%|██▊       | 14/50 [00:56<02:23,  3.99s/it]
 30%|███       | 15/50 [01:00<02:20,  4.00s/it]
 32%|███▏      | 16/50 [01:04<02:16,  4.01s/it]
 34%|███▍      | 17/50 [01:08<02:12,  4.01s/it]
 36%|███▌      | 18/50 [01:12<02:08,  4.01s/it]
 38%|███▊      | 19/50 [01:16<02:04,  4.02s/it]
 40%|████      | 20/50 [01:20<02:00,  4.02s/it]
 42%|████▏     | 21/50 [01:24<01:56,  4.01s/it]
 44%|████▍     | 22/50 [01:28<01:52,  4.01s/it]
 46%|████▌     | 23/50 [01:32<01:48,  4.01s/it]
 48%|████▊     | 24/50 [01:36<01:44,  4.01s/it]
 50%|█████     | 25/50 [01:40<01:40,  4.01s/it]
 52%|█████▏    | 26/50 [01:44<01:37,  4.05s/it]
 54%|█████▍    | 27/50 [01:48<01:32,  4.03s/it]
 56%|█████▌    | 28/50 [01:52<01:28,  4.02s/it]
 58%|█████▊    | 29/50 [01:56<01:24,  4.02s/it]
 60%|██████    | 30/50 [02:00<01:20,  4.02s/it]
 62%|██████▏   | 31/50 [02:04<01:16,  4.03s/it]
 64%|██████▍   | 32/50 [02:08<01:12,  4.02s/it]
 66%|██████▌   | 33/50 [02:12<01:08,  4.01s/it]
 68%|██████▊   | 34/50 [02:16<01:04,  4.00s/it]
 70%|███████   | 35/50 [02:20<00:59,  4.00s/it]
 72%|███████▏  | 36/50 [02:24<00:55,  4.00s/it]
 74%|███████▍  | 37/50 [02:28<00:51,  4.00s/it]
 76%|███████▌  | 38/50 [02:32<00:47,  4.00s/it]
 78%|███████▊  | 39/50 [02:36<00:43,  4.00s/it]
 80%|████████  | 40/50 [02:40<00:39,  4.00s/it]
 82%|████████▏ | 41/50 [02:44<00:35,  4.00s/it]
 84%|████████▍ | 42/50 [02:48<00:32,  4.00s/it]
 86%|████████▌ | 43/50 [02:52<00:28,  4.01s/it]
 88%|████████▊ | 44/50 [02:56<00:24,  4.01s/it]
 90%|█████████ | 45/50 [03:00<00:20,  4.01s/it]
 92%|█████████▏| 46/50 [03:04<00:16,  4.02s/it]
 94%|█████████▍| 47/50 [03:08<00:12,  4.03s/it]
 96%|█████████▌| 48/50 [03:12<00:08,  4.04s/it]
 98%|█████████▊| 49/50 [03:16<00:04,  4.04s/it]
100%|██████████| 50/50 [03:20<00:00,  4.04s/it]
100%|██████████| 50/50 [03:20<00:00,  4.02s/it]

  0%|          | 0/50 [00:00<?, ?it/s]
  2%|▏         | 1/50 [00:04<03:23,  4.15s/it]
  4%|▍         | 2/50 [00:08<03:16,  4.08s/it]
  6%|▌         | 3/50 [00:12<03:10,  4.06s/it]
  8%|▊         | 4/50 [00:16<03:06,  4.05s/it]
 10%|█         | 5/50 [00:20<03:01,  4.04s/it]
 12%|█▏        | 6/50 [00:24<02:57,  4.04s/it]
 14%|█▍        | 7/50 [00:28<02:53,  4.04s/it]
 16%|█▌        | 8/50 [00:32<02:49,  4.04s/it]
 18%|█▊        | 9/50 [00:36<02:45,  4.04s/it]
 20%|██        | 10/50 [00:40<02:40,  4.02s/it]
 22%|██▏       | 11/50 [00:44<02:36,  4.01s/it]
 24%|██▍       | 12/50 [00:48<02:32,  4.01s/it]
 26%|██▌       | 13/50 [00:52<02:28,  4.00s/it]
 28%|██▊       | 14/50 [00:56<02:23,  4.00s/it]
 30%|███       | 15/50 [01:00<02:20,  4.00s/it]
 32%|███▏      | 16/50 [01:04<02:15,  4.00s/it]
 34%|███▍      | 17/50 [01:08<02:11,  4.00s/it]
 36%|███▌      | 18/50 [01:12<02:07,  4.00s/it]
 38%|███▊      | 19/50 [01:16<02:03,  4.00s/it]
 40%|████      | 20/50 [01:20<01:59,  4.00s/it]
 42%|████▏     | 21/50 [01:24<01:56,  4.01s/it]
 44%|████▍     | 22/50 [01:28<01:52,  4.01s/it]
 46%|████▌     | 23/50 [01:32<01:48,  4.01s/it]
 48%|████▊     | 24/50 [01:36<01:44,  4.02s/it]
 50%|█████     | 25/50 [01:40<01:40,  4.01s/it]
 52%|█████▏    | 26/50 [01:44<01:36,  4.04s/it]
 54%|█████▍    | 27/50 [01:48<01:32,  4.03s/it]
 56%|█████▌    | 28/50 [01:52<01:28,  4.03s/it]
 58%|█████▊    | 29/50 [01:56<01:24,  4.03s/it]
 60%|██████    | 30/50 [02:00<01:20,  4.03s/it]
 62%|██████▏   | 31/50 [02:04<01:16,  4.03s/it]
 64%|██████▍   | 32/50 [02:08<01:12,  4.01s/it]
 66%|██████▌   | 33/50 [02:12<01:08,  4.00s/it]
 68%|██████▊   | 34/50 [02:16<01:03,  4.00s/it]
 70%|███████   | 35/50 [02:20<01:00,  4.00s/it]
 72%|███████▏  | 36/50 [02:24<00:56,  4.01s/it]
 74%|███████▍  | 37/50 [02:28<00:52,  4.01s/it]
 76%|███████▌  | 38/50 [02:32<00:48,  4.01s/it]
 78%|███████▊  | 39/50 [02:36<00:44,  4.01s/it]
 80%|████████  | 40/50 [02:40<00:40,  4.02s/it]
 82%|████████▏ | 41/50 [02:44<00:36,  4.01s/it]
 84%|████████▍ | 42/50 [02:48<00:32,  4.01s/it]
 86%|████████▌ | 43/50 [02:52<00:28,  4.01s/it]
 88%|████████▊ | 44/50 [02:56<00:24,  4.01s/it]
 90%|█████████ | 45/50 [03:00<00:20,  4.01s/it]
 92%|█████████▏| 46/50 [03:04<00:16,  4.02s/it]
 94%|█████████▍| 47/50 [03:08<00:12,  4.02s/it]
 96%|█████████▌| 48/50 [03:12<00:08,  4.03s/it]
 98%|█████████▊| 49/50 [03:16<00:04,  4.03s/it]
100%|██████████| 50/50 [03:20<00:00,  4.03s/it]
100%|██████████| 50/50 [03:20<00:00,  4.02s/it]

  0%|          | 0/50 [00:00<?, ?it/s]
  2%|▏         | 1/50 [00:04<03:24,  4.16s/it]
  4%|▍         | 2/50 [00:08<03:16,  4.09s/it]
  6%|▌         | 3/50 [00:12<03:10,  4.06s/it]
  8%|▊         | 4/50 [00:16<03:06,  4.05s/it]
 10%|█         | 5/50 [00:20<03:00,  4.01s/it]
 12%|█▏        | 6/50 [00:24<02:56,  4.00s/it]
 14%|█▍        | 7/50 [00:28<02:51,  3.99s/it]
 16%|█▌        | 8/50 [00:32<02:47,  3.98s/it]
 18%|█▊        | 9/50 [00:36<02:43,  3.99s/it]
 20%|██        | 10/50 [00:40<02:39,  3.99s/it]
 22%|██▏       | 11/50 [00:44<02:35,  3.99s/it]
 24%|██▍       | 12/50 [00:48<02:31,  3.99s/it]
 26%|██▌       | 13/50 [00:52<02:27,  4.00s/it]
 28%|██▊       | 14/50 [00:56<02:24,  4.00s/it]
 30%|███       | 15/50 [01:00<02:20,  4.00s/it]
 32%|███▏      | 16/50 [01:04<02:16,  4.01s/it]
 34%|███▍      | 17/50 [01:08<02:12,  4.01s/it]
 36%|███▌      | 18/50 [01:12<02:08,  4.02s/it]
 38%|███▊      | 19/50 [01:16<02:04,  4.02s/it]
 40%|████      | 20/50 [01:20<02:00,  4.03s/it]
 42%|████▏     | 21/50 [01:24<01:56,  4.03s/it]
 44%|████▍     | 22/50 [01:28<01:52,  4.03s/it]
 46%|████▌     | 23/50 [01:32<01:48,  4.03s/it]
 48%|████▊     | 24/50 [01:36<01:45,  4.04s/it]
 50%|█████     | 25/50 [01:40<01:41,  4.05s/it]
 52%|█████▏    | 26/50 [01:44<01:38,  4.09s/it]
 54%|█████▍    | 27/50 [01:48<01:33,  4.08s/it]
 56%|█████▌    | 28/50 [01:52<01:29,  4.07s/it]
 58%|█████▊    | 29/50 [01:56<01:25,  4.06s/it]
 60%|██████    | 30/50 [02:00<01:21,  4.05s/it]
 62%|██████▏   | 31/50 [02:04<01:16,  4.04s/it]
 64%|██████▍   | 32/50 [02:08<01:12,  4.04s/it]
 66%|██████▌   | 33/50 [02:12<01:08,  4.03s/it]
 68%|██████▊   | 34/50 [02:16<01:04,  4.04s/it]
 70%|███████   | 35/50 [02:21<01:00,  4.04s/it]
 72%|███████▏  | 36/50 [02:25<00:56,  4.03s/it]
 74%|███████▍  | 37/50 [02:29<00:52,  4.02s/it]
 76%|███████▌  | 38/50 [02:32<00:48,  4.00s/it]
 78%|███████▊  | 39/50 [02:36<00:43,  3.99s/it]
 80%|████████  | 40/50 [02:40<00:39,  3.99s/it]
 82%|████████▏ | 41/50 [02:44<00:35,  3.99s/it]
 84%|████████▍ | 42/50 [02:48<00:31,  4.00s/it]
 86%|████████▌ | 43/50 [02:52<00:27,  4.00s/it]
 88%|████████▊ | 44/50 [02:56<00:24,  4.00s/it]
 90%|█████████ | 45/50 [03:01<00:20,  4.01s/it]
 92%|█████████▏| 46/50 [03:05<00:16,  4.02s/it]
 94%|█████████▍| 47/50 [03:09<00:12,  4.02s/it]
 96%|█████████▌| 48/50 [03:13<00:08,  4.02s/it]
 98%|█████████▊| 49/50 [03:17<00:04,  4.02s/it]
100%|██████████| 50/50 [03:21<00:00,  4.03s/it]
100%|██████████| 50/50 [03:21<00:00,  4.02s/it]

  0%|          | 0/50 [00:00<?, ?it/s]
  2%|▏         | 1/50 [00:04<03:23,  4.15s/it]
  4%|▍         | 2/50 [00:08<03:16,  4.08s/it]
  6%|▌         | 3/50 [00:12<03:10,  4.06s/it]
  8%|▊         | 4/50 [00:16<03:06,  4.05s/it]
 10%|█         | 5/50 [00:20<03:01,  4.04s/it]
 12%|█▏        | 6/50 [00:24<02:56,  4.02s/it]
 14%|█▍        | 7/50 [00:28<02:52,  4.00s/it]
 16%|█▌        | 8/50 [00:32<02:47,  3.99s/it]
 18%|█▊        | 9/50 [00:36<02:43,  3.98s/it]
 20%|██        | 10/50 [00:40<02:39,  3.98s/it]
 22%|██▏       | 11/50 [00:44<02:35,  3.98s/it]
 24%|██▍       | 12/50 [00:48<02:31,  3.99s/it]
 26%|██▌       | 13/50 [00:52<02:27,  3.99s/it]
 28%|██▊       | 14/50 [00:56<02:24,  4.01s/it]
 30%|███       | 15/50 [01:00<02:20,  4.02s/it]
 32%|███▏      | 16/50 [01:04<02:16,  4.02s/it]
 34%|███▍      | 17/50 [01:08<02:13,  4.04s/it]
 36%|███▌      | 18/50 [01:12<02:09,  4.05s/it]
 38%|███▊      | 19/50 [01:16<02:05,  4.06s/it]
 40%|████      | 20/50 [01:20<02:01,  4.06s/it]
 42%|████▏     | 21/50 [01:24<01:57,  4.05s/it]
 44%|████▍     | 22/50 [01:28<01:53,  4.05s/it]
 46%|████▌     | 23/50 [01:32<01:49,  4.05s/it]
 48%|████▊     | 24/50 [01:36<01:45,  4.05s/it]
 50%|█████     | 25/50 [01:40<01:41,  4.05s/it]
 52%|█████▏    | 26/50 [01:44<01:38,  4.09s/it]
 54%|█████▍    | 27/50 [01:48<01:33,  4.07s/it]
 56%|█████▌    | 28/50 [01:53<01:29,  4.06s/it]
 58%|█████▊    | 29/50 [01:57<01:25,  4.06s/it]
 60%|██████    | 30/50 [02:01<01:20,  4.05s/it]
 62%|██████▏   | 31/50 [02:05<01:16,  4.04s/it]
 64%|██████▍   | 32/50 [02:09<01:12,  4.04s/it]
 66%|██████▌   | 33/50 [02:13<01:08,  4.04s/it]
 68%|██████▊   | 34/50 [02:17<01:04,  4.04s/it]
 70%|███████   | 35/50 [02:21<01:00,  4.04s/it]
 72%|███████▏  | 36/50 [02:25<00:56,  4.04s/it]
 74%|███████▍  | 37/50 [02:29<00:52,  4.04s/it]
 76%|███████▌  | 38/50 [02:33<00:48,  4.04s/it]
 78%|███████▊  | 39/50 [02:37<00:44,  4.03s/it]
 80%|████████  | 40/50 [02:41<00:40,  4.03s/it]
 82%|████████▏ | 41/50 [02:45<00:36,  4.03s/it]
 84%|████████▍ | 42/50 [02:49<00:32,  4.03s/it]
 86%|████████▌ | 43/50 [02:53<00:28,  4.03s/it]
 88%|████████▊ | 44/50 [02:57<00:24,  4.04s/it]
 90%|█████████ | 45/50 [03:01<00:20,  4.04s/it]
 92%|█████████▏| 46/50 [03:05<00:16,  4.04s/it]
 94%|█████████▍| 47/50 [03:09<00:12,  4.04s/it]
 96%|█████████▌| 48/50 [03:13<00:08,  4.04s/it]
 98%|█████████▊| 49/50 [03:17<00:04,  4.03s/it]
100%|██████████| 50/50 [03:21<00:00,  4.03s/it]
100%|██████████| 50/50 [03:21<00:00,  4.04s/it]

  0%|          | 0/50 [00:00<?, ?it/s]
  2%|▏         | 1/50 [00:04<03:29,  4.28s/it]
  4%|▍         | 2/50 [00:08<03:18,  4.13s/it]
  6%|▌         | 3/50 [00:12<03:11,  4.07s/it]
  8%|▊         | 4/50 [00:16<03:06,  4.05s/it]
 10%|█         | 5/50 [00:20<03:01,  4.03s/it]
 12%|█▏        | 6/50 [00:24<02:57,  4.02s/it]
 14%|█▍        | 7/50 [00:28<02:52,  4.02s/it]
 16%|█▌        | 8/50 [00:32<02:48,  4.01s/it]
 18%|█▊        | 9/50 [00:36<02:43,  4.00s/it]
 20%|██        | 10/50 [00:40<02:39,  3.99s/it]
 22%|██▏       | 11/50 [00:44<02:35,  3.99s/it]
 24%|██▍       | 12/50 [00:48<02:31,  3.99s/it]
 26%|██▌       | 13/50 [00:52<02:27,  3.99s/it]
 28%|██▊       | 14/50 [00:56<02:23,  3.99s/it]
 30%|███       | 15/50 [01:00<02:19,  4.00s/it]
 32%|███▏      | 16/50 [01:04<02:16,  4.00s/it]
 34%|███▍      | 17/50 [01:08<02:12,  4.01s/it]
 36%|███▌      | 18/50 [01:12<02:08,  4.01s/it]
 38%|███▊      | 19/50 [01:16<02:04,  4.01s/it]
 40%|████      | 20/50 [01:20<02:00,  4.01s/it]
 42%|████▏     | 21/50 [01:24<01:56,  4.03s/it]
 44%|████▍     | 22/50 [01:28<01:53,  4.04s/it]
 46%|████▌     | 23/50 [01:32<01:49,  4.05s/it]
 48%|████▊     | 24/50 [01:36<01:45,  4.05s/it]
 50%|█████     | 25/50 [01:40<01:41,  4.05s/it]
 52%|█████▏    | 26/50 [01:44<01:38,  4.09s/it]
 54%|█████▍    | 27/50 [01:48<01:33,  4.08s/it]
 56%|█████▌    | 28/50 [01:52<01:29,  4.06s/it]
 58%|█████▊    | 29/50 [01:56<01:24,  4.04s/it]
 60%|██████    | 30/50 [02:00<01:20,  4.03s/it]
 62%|██████▏   | 31/50 [02:04<01:16,  4.02s/it]
 64%|██████▍   | 32/50 [02:08<01:12,  4.02s/it]
 66%|██████▌   | 33/50 [02:12<01:08,  4.02s/it]
 68%|██████▊   | 34/50 [02:16<01:04,  4.01s/it]
 70%|███████   | 35/50 [02:20<01:00,  4.01s/it]
 72%|███████▏  | 36/50 [02:24<00:56,  4.01s/it]
 74%|███████▍  | 37/50 [02:28<00:52,  4.01s/it]
 76%|███████▌  | 38/50 [02:33<00:48,  4.01s/it]
 78%|███████▊  | 39/50 [02:37<00:44,  4.01s/it]
 80%|████████  | 40/50 [02:41<00:40,  4.01s/it]
 82%|████████▏ | 41/50 [02:45<00:36,  4.01s/it]
 84%|████████▍ | 42/50 [02:49<00:32,  4.01s/it]
 86%|████████▌ | 43/50 [02:53<00:28,  4.01s/it]
 88%|████████▊ | 44/50 [02:57<00:24,  4.02s/it]
 90%|█████████ | 45/50 [03:01<00:20,  4.03s/it]
 92%|█████████▏| 46/50 [03:05<00:16,  4.03s/it]
 94%|█████████▍| 47/50 [03:09<00:12,  4.04s/it]
 96%|█████████▌| 48/50 [03:13<00:08,  4.04s/it]
 98%|█████████▊| 49/50 [03:17<00:04,  4.04s/it]
100%|██████████| 50/50 [03:21<00:00,  4.04s/it]
100%|██████████| 50/50 [03:21<00:00,  4.03s/it]
